WARNING: A restricted method in java.lang.System has been called
WARNING: java.lang.System::load has been called by net.rubygrapefruit.platform.internal.NativeLibraryLoader in an unnamed module (file:/C:/Users/ireddragonicy/.gradle/wrapper/dists/gradle-9.2.1-all/2lbhfocpgk6niea1fja7mj8kz/gradle-9.2.1/lib/native-platform-0.22-milestone-29.jar)
WARNING: Use --enable-native-access=ALL-UNNAMED to avoid a warning for callers in this module
WARNING: Restricted methods will be blocked in a future release unless native access is enabled

Calculating task graph as configuration cache cannot be reused because file 'build.gradle' has changed.
> Task :app:preBuild UP-TO-DATE
> Task :app:checkKotlinGradlePluginConfigurationErrors SKIPPED
> Task :app:preDebugBuild UP-TO-DATE
> Task :app:mergeDebugNativeDebugMetadata NO-SOURCE
> Task :app:writeDebugAppMetadata
> Task :app:generateDebugResValues
> Task :app:desugarDebugFileDependencies
> Task :app:createDebugCompatibleScreenManifests
> Task :app:extractDeepLinksDebug
> Task :app:generateDebugResources
> Task :app:generateDebugBuildConfig
> Task :app:writeDebugSigningConfigVersions
> Task :app:javaPreCompileDebug
> Task :app:validateSigningDebug
> Task :app:mergeDebugJniLibFolders
> Task :app:mergeDebugShaders
> Task :app:compileDebugShaders NO-SOURCE
> Task :app:generateDebugAssets UP-TO-DATE
> Task :app:checkDebugDuplicateClasses
> Task :app:mapDebugSourceSetPaths
> Task :app:checkDebugAarMetadata
> Task :app:mergeLibDexDebug
> Task :app:mergeDebugAssets
> Task :app:mergeDebugNativeLibs
> Task :app:processDebugMainManifest
> Task :app:processDebugManifest
> Task :app:processDebugManifestForPackage
> Task :app:compressDebugAssets
> Task :app:stripDebugDebugSymbols
> Task :app:mergeDebugResources
> Task :app:processDebugResources
> Task :app:mergeExtDexDebug
> Task :app:kspDebugKotlin

> Task :app:compileDebugKotlin FAILED
e: file:///D:/Project/KonaBess-Next/app/src/main/java/com/ireddragonicy/konabessnext/core/KonaBessCore.kt:59:9 Unresolved reference 'dtbs'.
e: file:///D:/Project/KonaBess-Next/app/src/main/java/com/ireddragonicy/konabessnext/ui/ExportHistoryActivity.kt:79:21 Argument type mismatch: actual type is '<anonymous>', but 'ExportHistoryManager' was expected.
e: file:///D:/Project/KonaBess-Next/app/src/main/java/com/ireddragonicy/konabessnext/ui/ExportHistoryActivity.kt:79:21 No value passed for parameter 'callback'.
e: file:///D:/Project/KonaBess-Next/app/src/main/java/com/ireddragonicy/konabessnext/ui/adapters/ExportHistoryAdapter.kt:35:17 Conflicting declarations:
historyManager: ExportHistoryManager
historyManager: ExportHistoryManager
e: file:///D:/Project/KonaBess-Next/app/src/main/java/com/ireddragonicy/konabessnext/ui/adapters/ExportHistoryAdapter.kt:35:17 Conflicting declarations:
val historyManager: ExportHistoryManager
e: file:///D:/Project/KonaBess-Next/app/src/main/java/com/ireddragonicy/konabessnext/ui/adapters/ExportHistoryAdapter.kt:36:17 Conflicting declarations:
historyManager: ExportHistoryManager
historyManager: ExportHistoryManager
e: file:///D:/Project/KonaBess-Next/app/src/main/java/com/ireddragonicy/konabessnext/ui/adapters/ExportHistoryAdapter.kt:36:17 Conflicting declarations:
val historyManager: ExportHistoryManager
e: file:///D:/Project/KonaBess-Next/app/src/main/java/com/ireddragonicy/konabessnext/ui/adapters/ExportHistoryAdapter.kt:98:21 Overload resolution ambiguity between candidates:
val historyManager: ExportHistoryManager
val historyManager: ExportHistoryManager
e: file:///D:/Project/KonaBess-Next/app/src/main/java/com/ireddragonicy/konabessnext/ui/adapters/ExportHistoryAdapter.kt:98:36 Unresolved reference 'deleteItem'.
e: file:///D:/Project/KonaBess-Next/app/src/main/java/com/ireddragonicy/konabessnext/ui/adapters/ExportHistoryAdapter.kt:267:13 Overload resolution ambiguity between candidates:
val historyManager: ExportHistoryManager
val historyManager: ExportHistoryManager
e: file:///D:/Project/KonaBess-Next/app/src/main/java/com/ireddragonicy/konabessnext/ui/adapters/ExportHistoryAdapter.kt:267:28 Unresolved reference 'updateItem'.
e: file:///D:/Project/KonaBess-Next/app/src/main/java/com/ireddragonicy/konabessnext/ui/fragments/GpuCurveEditorFragment.kt:39:42 Unresolved reference 'widget'.
e: file:///D:/Project/KonaBess-Next/app/src/main/java/com/ireddragonicy/konabessnext/ui/fragments/GpuCurveEditorFragment.kt:145:33 Unresolved reference 'GpuActionToolbar'.
e: file:///D:/Project/KonaBess-Next/app/src/main/java/com/ireddragonicy/konabessnext/ui/fragments/GpuCurveEditorFragment.kt:547:14 None of the following candidates is applicable:

fun setSingleChoiceItems(p0: Int, p1: Int, p2: DialogInterface.OnClickListener?): MaterialAlertDialogBuilder:
  Argument type mismatch: actual type is 'List<String>', but 'Int' was expected.

fun setSingleChoiceItems(p0: Array<(out) CharSequence!>?, p1: Int, p2: DialogInterface.OnClickListener?): MaterialAlertDialogBuilder:
  Argument type mismatch: actual type is 'List<String>', but 'Array<(out) CharSequence!>?' was expected.

fun setSingleChoiceItems(p0: ListAdapter?, p1: Int, p2: DialogInterface.OnClickListener?): MaterialAlertDialogBuilder:
  Argument type mismatch: actual type is 'List<String>', but 'ListAdapter?' was expected.
e: file:///D:/Project/KonaBess-Next/app/src/main/java/com/ireddragonicy/konabessnext/ui/fragments/GpuCurveEditorFragment.kt:547:69 Cannot infer type for implicit value parameter 'it'. Specify it explicitly.
e: file:///D:/Project/KonaBess-Next/app/src/main/java/com/ireddragonicy/konabessnext/ui/fragments/GpuCurveEditorFragment.kt:547:72 Cannot infer type for value parameter 'which'. Specify it explicitly.
e: file:///D:/Project/KonaBess-Next/app/src/main/java/com/ireddragonicy/konabessnext/ui/fragments/GpuCurveEditorFragment.kt:550:14 Unresolved reference 'setPositiveButton'.
e: file:///D:/Project/KonaBess-Next/app/src/main/java/com/ireddragonicy/konabessnext/ui/fragments/GpuCurveEditorFragment.kt:550:43 Cannot infer type for implicit value parameter 'it'. Specify it explicitly.
e: file:///D:/Project/KonaBess-Next/app/src/main/java/com/ireddragonicy/konabessnext/ui/fragments/GpuCurveEditorFragment.kt:550:46 Cannot infer type for implicit value parameter 'it'. Specify it explicitly.
e: file:///D:/Project/KonaBess-Next/app/src/main/java/com/ireddragonicy/konabessnext/ui/screens/GpuBinListScreen.kt:8:47 Unresolved reference 'Bolt'.
e: file:///D:/Project/KonaBess-Next/app/src/main/java/com/ireddragonicy/konabessnext/ui/screens/GpuBinListScreen.kt:9:47 Unresolved reference 'Save'.
e: file:///D:/Project/KonaBess-Next/app/src/main/java/com/ireddragonicy/konabessnext/ui/screens/GpuBinListScreen.kt:37:43 Unresolved reference 'Save'.
e: file:///D:/Project/KonaBess-Next/app/src/main/java/com/ireddragonicy/konabessnext/ui/screens/GpuBinListScreen.kt:71:67 Unresolved reference 'Bolt'.
e: file:///D:/Project/KonaBess-Next/app/src/main/java/com/ireddragonicy/konabessnext/ui/screens/GpuLevelDetailScreen.kt:10:47 Unresolved reference 'Save'.
e: file:///D:/Project/KonaBess-Next/app/src/main/java/com/ireddragonicy/konabessnext/ui/screens/GpuLevelDetailScreen.kt:50:43 Unresolved reference 'Save'.
e: file:///D:/Project/KonaBess-Next/app/src/main/java/com/ireddragonicy/konabessnext/ui/screens/GpuLevelDetailScreen.kt:65:25 Try catch is not supported around composable function invocations.
e: file:///D:/Project/KonaBess-Next/app/src/main/java/com/ireddragonicy/konabessnext/ui/screens/GpuLevelDetailScreen.kt:68:69 No value passed for parameter 'context'.
e: file:///D:/Project/KonaBess-Next/app/src/main/java/com/ireddragonicy/konabessnext/ui/screens/GpuLevelDetailScreen.kt:112:44 No value passed for parameter 'context'.
e: file:///D:/Project/KonaBess-Next/app/src/main/java/com/ireddragonicy/konabessnext/ui/screens/GpuLevelListScreen.kt:10:47 Unresolved reference 'ContentCopy'.
e: file:///D:/Project/KonaBess-Next/app/src/main/java/com/ireddragonicy/konabessnext/ui/screens/GpuLevelListScreen.kt:12:47 Unresolved reference 'Save'.
e: file:///D:/Project/KonaBess-Next/app/src/main/java/com/ireddragonicy/konabessnext/ui/screens/GpuLevelListScreen.kt:54:43 Unresolved reference 'Save'.
e: file:///D:/Project/KonaBess-Next/app/src/main/java/com/ireddragonicy/konabessnext/ui/screens/GpuLevelListScreen.kt:87:60 Unresolved reference 'ContentCopy'.
e: file:///D:/Project/KonaBess-Next/app/src/main/java/com/ireddragonicy/konabessnext/ui/screens/GpuVoltScreen.kt:9:47 Unresolved reference 'Save'.
e: file:///D:/Project/KonaBess-Next/app/src/main/java/com/ireddragonicy/konabessnext/ui/screens/GpuVoltScreen.kt:37:56 Unresolved reference 'voltage_table'.
e: file:///D:/Project/KonaBess-Next/app/src/main/java/com/ireddragonicy/konabessnext/ui/screens/GpuVoltScreen.kt:45:44 Unresolved reference 'Save'.
e: file:///D:/Project/KonaBess-Next/app/src/main/java/com/ireddragonicy/konabessnext/ui/screens/GpuVoltScreen.kt:59:38 Cannot infer type for value parameter 'index'. Specify it explicitly.
e: file:///D:/Project/KonaBess-Next/app/src/main/java/com/ireddragonicy/konabessnext/ui/screens/GpuVoltScreen.kt:59:45 Cannot infer type for value parameter 'opp'. Specify it explicitly.
e: file:///D:/Project/KonaBess-Next/app/src/main/java/com/ireddragonicy/konabessnext/ui/screens/GpuVoltScreen.kt:60:21 @Composable invocations can only happen from the context of a @Composable function
e: file:///D:/Project/KonaBess-Next/app/src/main/java/com/ireddragonicy/konabessnext/ui/screens/GpuVoltScreen.kt:61:57 Unresolved reference 'frequency'.
e: file:///D:/Project/KonaBess-Next/app/src/main/java/com/ireddragonicy/konabessnext/ui/screens/GpuVoltScreen.kt:64:50 Unresolved reference 'volt'.
e: file:///D:/Project/KonaBess-Next/app/src/main/java/com/ireddragonicy/konabessnext/ui/screens/GpuVoltScreen.kt:69:58 Unresolved reference 'volt'.
e: file:///D:/Project/KonaBess-Next/app/src/main/java/com/ireddragonicy/konabessnext/ui/screens/GpuVoltScreen.kt:78:21 @Composable invocations can only happen from the context of a @Composable function
e: file:///D:/Project/KonaBess-Next/app/src/main/java/com/ireddragonicy/konabessnext/ui/screens/GpuVoltScreen.kt:114:40 Unresolved reference 'frequency'.
e: file:///D:/Project/KonaBess-Next/app/src/main/java/com/ireddragonicy/konabessnext/ui/screens/GpuVoltScreen.kt:122:65 Unresolved reference 'frequency'.
e: file:///D:/Project/KonaBess-Next/app/src/main/java/com/ireddragonicy/konabessnext/ui/screens/GpuVoltScreen.kt:123:62 Unresolved reference 'volt'.
e: file:///D:/Project/KonaBess-Next/app/src/main/java/com/ireddragonicy/konabessnext/ui/screens/GpuVoltScreen.kt:133:75 Unresolved reference 'volt'.
e: file:///D:/Project/KonaBess-Next/app/src/main/java/com/ireddragonicy/konabessnext/ui/screens/GpuVoltScreen.kt:146:61 Unresolved reference 'frequency'.
e: file:///D:/Project/KonaBess-Next/app/src/main/java/com/ireddragonicy/konabessnext/viewmodel/GpuFrequencyViewModel.kt:66:30 Unresolved reference 'Opp'.
e: file:///D:/Project/KonaBess-Next/app/src/main/java/com/ireddragonicy/konabessnext/viewmodel/GpuVoltViewModel.kt:81:44 Unresolved reference 'levels'.
e: file:///D:/Project/KonaBess-Next/app/src/main/java/com/ireddragonicy/konabessnext/viewmodel/GpuVoltViewModel.kt:85:31 Unresolved reference 'getVoltLevelStrings'.

[Incubating] Problems report is available at: file:///D:/Project/KonaBess-Next/build/reports/problems/problems-report.html

FAILURE: Build failed with an exception.

* What went wrong:
Execution failed for task ':app:compileDebugKotlin'.
> A failure occurred while executing org.jetbrains.kotlin.compilerRunner.GradleCompilerRunnerWithWorkers$GradleKotlinCompilerWorkAction
   > Compilation error. See log for more details

* Try:
> Run with --info or --debug option to get more log output.
> Run with --scan to generate a Build Scan (powered by Develocity).
> Get more help at https://help.gradle.org.

* Exception is:
org.gradle.api.tasks.TaskExecutionException: Execution failed for task ':app:compileDebugKotlin'.
	at org.gradle.api.internal.tasks.execution.ExecuteActionsTaskExecuter.lambda$executeIfValid$1(ExecuteActionsTaskExecuter.java:135)
	at org.gradle.internal.Try$Failure.ifSuccessfulOrElse(Try.java:288)
	at org.gradle.api.internal.tasks.execution.ExecuteActionsTaskExecuter.executeIfValid(ExecuteActionsTaskExecuter.java:133)
	at org.gradle.api.internal.tasks.execution.ExecuteActionsTaskExecuter.execute(ExecuteActionsTaskExecuter.java:121)
	at org.gradle.api.internal.tasks.execution.ProblemsTaskPathTrackingTaskExecuter.execute(ProblemsTaskPathTrackingTaskExecuter.java:41)
	at org.gradle.api.internal.tasks.execution.FinalizePropertiesTaskExecuter.execute(FinalizePropertiesTaskExecuter.java:46)
	at org.gradle.api.internal.tasks.execution.ResolveTaskExecutionModeExecuter.execute(ResolveTaskExecutionModeExecuter.java:51)
	at org.gradle.api.internal.tasks.execution.SkipTaskWithNoActionsExecuter.execute(SkipTaskWithNoActionsExecuter.java:57)
	at org.gradle.api.internal.tasks.execution.SkipOnlyIfTaskExecuter.execute(SkipOnlyIfTaskExecuter.java:74)
	at org.gradle.api.internal.tasks.execution.CatchExceptionTaskExecuter.execute(CatchExceptionTaskExecuter.java:36)
	at org.gradle.api.internal.tasks.execution.EventFiringTaskExecuter$1.executeTask(EventFiringTaskExecuter.java:77)
	at org.gradle.api.internal.tasks.execution.EventFiringTaskExecuter$1.call(EventFiringTaskExecuter.java:55)
	at org.gradle.api.internal.tasks.execution.EventFiringTaskExecuter$1.call(EventFiringTaskExecuter.java:52)
	at org.gradle.internal.operations.DefaultBuildOperationRunner$CallableBuildOperationWorker.execute(DefaultBuildOperationRunner.java:209)
	at org.gradle.internal.operations.DefaultBuildOperationRunner$CallableBuildOperationWorker.execute(DefaultBuildOperationRunner.java:204)
	at org.gradle.internal.operations.DefaultBuildOperationRunner$2.execute(DefaultBuildOperationRunner.java:66)
	at org.gradle.internal.operations.DefaultBuildOperationRunner$2.execute(DefaultBuildOperationRunner.java:59)
	at org.gradle.internal.operations.DefaultBuildOperationRunner.execute(DefaultBuildOperationRunner.java:166)
	at org.gradle.internal.operations.DefaultBuildOperationRunner.execute(DefaultBuildOperationRunner.java:59)
	at org.gradle.internal.operations.DefaultBuildOperationRunner.call(DefaultBuildOperationRunner.java:53)
	at org.gradle.api.internal.tasks.execution.EventFiringTaskExecuter.execute(EventFiringTaskExecuter.java:52)
	at org.gradle.execution.plan.DefaultNodeExecutor.executeLocalTaskNode(DefaultNodeExecutor.java:55)
	at org.gradle.execution.plan.DefaultNodeExecutor.execute(DefaultNodeExecutor.java:34)
	at org.gradle.execution.taskgraph.DefaultTaskExecutionGraph$InvokeNodeExecutorsAction.execute(DefaultTaskExecutionGraph.java:355)
	at org.gradle.execution.taskgraph.DefaultTaskExecutionGraph$InvokeNodeExecutorsAction.execute(DefaultTaskExecutionGraph.java:343)
	at org.gradle.execution.taskgraph.DefaultTaskExecutionGraph$BuildOperationAwareExecutionAction.lambda$execute$0(DefaultTaskExecutionGraph.java:339)
	at org.gradle.internal.operations.CurrentBuildOperationRef.with(CurrentBuildOperationRef.java:84)
	at org.gradle.execution.taskgraph.DefaultTaskExecutionGraph$BuildOperationAwareExecutionAction.execute(DefaultTaskExecutionGraph.java:339)
	at org.gradle.execution.taskgraph.DefaultTaskExecutionGraph$BuildOperationAwareExecutionAction.execute(DefaultTaskExecutionGraph.java:328)
	at org.gradle.execution.plan.DefaultPlanExecutor$ExecutorWorker.execute(DefaultPlanExecutor.java:459)
	at org.gradle.execution.plan.DefaultPlanExecutor$ExecutorWorker.run(DefaultPlanExecutor.java:376)
	at org.gradle.internal.concurrent.ExecutorPolicy$CatchAndRecordFailures.onExecute(ExecutorPolicy.java:64)
	at org.gradle.internal.concurrent.AbstractManagedExecutor$1.run(AbstractManagedExecutor.java:47)
Caused by: org.gradle.workers.internal.DefaultWorkerExecutor$WorkExecutionException: A failure occurred while executing org.jetbrains.kotlin.compilerRunner.GradleCompilerRunnerWithWorkers$GradleKotlinCompilerWorkAction
	at org.gradle.workers.internal.DefaultWorkerExecutor$WorkItemExecution.waitForCompletion(DefaultWorkerExecutor.java:289)
	at org.gradle.internal.work.DefaultAsyncWorkTracker.lambda$waitForItemsAndGatherFailures$2(DefaultAsyncWorkTracker.java:130)
	at org.gradle.internal.Factories$1.create(Factories.java:33)
	at org.gradle.internal.work.DefaultWorkerLeaseService.lambda$withoutLocks$2(DefaultWorkerLeaseService.java:344)
	at org.gradle.internal.work.ResourceLockStatistics$1.measure(ResourceLockStatistics.java:42)
	at org.gradle.internal.work.DefaultWorkerLeaseService.withoutLocks(DefaultWorkerLeaseService.java:342)
	at org.gradle.internal.work.DefaultWorkerLeaseService.withoutLocks(DefaultWorkerLeaseService.java:326)
	at org.gradle.internal.work.DefaultWorkerLeaseService.withoutLock(DefaultWorkerLeaseService.java:331)
	at org.gradle.internal.work.DefaultAsyncWorkTracker.waitForItemsAndGatherFailures(DefaultAsyncWorkTracker.java:126)
	at org.gradle.internal.work.DefaultAsyncWorkTracker.waitForItemsAndGatherFailures(DefaultAsyncWorkTracker.java:92)
	at org.gradle.internal.work.DefaultAsyncWorkTracker.waitForAll(DefaultAsyncWorkTracker.java:78)
	at org.gradle.internal.work.DefaultAsyncWorkTracker.waitForCompletion(DefaultAsyncWorkTracker.java:66)
	at org.gradle.api.internal.tasks.execution.TaskExecution$3.run(TaskExecution.java:260)
	at org.gradle.internal.operations.DefaultBuildOperationRunner$1.execute(DefaultBuildOperationRunner.java:29)
	at org.gradle.internal.operations.DefaultBuildOperationRunner$1.execute(DefaultBuildOperationRunner.java:26)
	at org.gradle.internal.operations.DefaultBuildOperationRunner$2.execute(DefaultBuildOperationRunner.java:66)
	at org.gradle.internal.operations.DefaultBuildOperationRunner$2.execute(DefaultBuildOperationRunner.java:59)
	at org.gradle.internal.operations.DefaultBuildOperationRunner.execute(DefaultBuildOperationRunner.java:166)
	at org.gradle.internal.operations.DefaultBuildOperationRunner.execute(DefaultBuildOperationRunner.java:59)
	at org.gradle.internal.operations.DefaultBuildOperationRunner.run(DefaultBuildOperationRunner.java:47)
	at org.gradle.api.internal.tasks.execution.TaskExecution.executeAction(TaskExecution.java:237)
	at org.gradle.api.internal.tasks.execution.TaskExecution.executeActions(TaskExecution.java:220)
	at org.gradle.api.internal.tasks.execution.TaskExecution.executeWithPreviousOutputFiles(TaskExecution.java:203)
	at org.gradle.api.internal.tasks.execution.TaskExecution.execute(TaskExecution.java:170)
	at org.gradle.internal.execution.steps.ExecuteStep.executeInternal(ExecuteStep.java:105)
	at org.gradle.internal.execution.steps.ExecuteStep.access$000(ExecuteStep.java:44)
	at org.gradle.internal.execution.steps.ExecuteStep$1.call(ExecuteStep.java:59)
	at org.gradle.internal.execution.steps.ExecuteStep$1.call(ExecuteStep.java:56)
	at org.gradle.internal.operations.DefaultBuildOperationRunner$CallableBuildOperationWorker.execute(DefaultBuildOperationRunner.java:209)
	at org.gradle.internal.operations.DefaultBuildOperationRunner$CallableBuildOperationWorker.execute(DefaultBuildOperationRunner.java:204)
	at org.gradle.internal.operations.DefaultBuildOperationRunner$2.execute(DefaultBuildOperationRunner.java:66)
	at org.gradle.internal.operations.DefaultBuildOperationRunner$2.execute(DefaultBuildOperationRunner.java:59)
	at org.gradle.internal.operations.DefaultBuildOperationRunner.execute(DefaultBuildOperationRunner.java:166)
	at org.gradle.internal.operations.DefaultBuildOperationRunner.execute(DefaultBuildOperationRunner.java:59)
	at org.gradle.internal.operations.DefaultBuildOperationRunner.call(DefaultBuildOperationRunner.java:53)
	at org.gradle.internal.execution.steps.ExecuteStep.execute(ExecuteStep.java:56)
	at org.gradle.internal.execution.steps.ExecuteStep.execute(ExecuteStep.java:44)
	at org.gradle.internal.execution.steps.CancelExecutionStep.execute(CancelExecutionStep.java:42)
	at org.gradle.internal.execution.steps.TimeoutStep.executeWithoutTimeout(TimeoutStep.java:75)
	at org.gradle.internal.execution.steps.TimeoutStep.execute(TimeoutStep.java:55)
	at org.gradle.internal.execution.steps.PreCreateOutputParentsStep.execute(PreCreateOutputParentsStep.java:50)
	at org.gradle.internal.execution.steps.PreCreateOutputParentsStep.execute(PreCreateOutputParentsStep.java:28)
	at org.gradle.internal.execution.steps.RemovePreviousOutputsStep.execute(RemovePreviousOutputsStep.java:68)
	at org.gradle.internal.execution.steps.RemovePreviousOutputsStep.execute(RemovePreviousOutputsStep.java:38)
	at org.gradle.internal.execution.steps.BroadcastChangingOutputsStep.execute(BroadcastChangingOutputsStep.java:61)
	at org.gradle.internal.execution.steps.BroadcastChangingOutputsStep.execute(BroadcastChangingOutputsStep.java:26)
	at org.gradle.internal.execution.steps.CaptureOutputsAfterExecutionStep.execute(CaptureOutputsAfterExecutionStep.java:69)
	at org.gradle.internal.execution.steps.CaptureOutputsAfterExecutionStep.execute(CaptureOutputsAfterExecutionStep.java:46)
	at org.gradle.internal.execution.steps.ResolveInputChangesStep.execute(ResolveInputChangesStep.java:39)
	at org.gradle.internal.execution.steps.ResolveInputChangesStep.execute(ResolveInputChangesStep.java:28)
	at org.gradle.internal.execution.steps.BuildCacheStep.executeWithoutCache(BuildCacheStep.java:189)
	at org.gradle.internal.execution.steps.BuildCacheStep.lambda$execute$1(BuildCacheStep.java:75)
	at org.gradle.internal.Either$Right.fold(Either.java:176)
	at org.gradle.internal.execution.caching.CachingState.fold(CachingState.java:62)
	at org.gradle.internal.execution.steps.BuildCacheStep.execute(BuildCacheStep.java:73)
	at org.gradle.internal.execution.steps.BuildCacheStep.execute(BuildCacheStep.java:48)
	at org.gradle.internal.execution.steps.StoreExecutionStateStep.execute(StoreExecutionStateStep.java:46)
	at org.gradle.internal.execution.steps.StoreExecutionStateStep.execute(StoreExecutionStateStep.java:35)
	at org.gradle.internal.execution.steps.SkipUpToDateStep.executeBecause(SkipUpToDateStep.java:75)
	at org.gradle.internal.execution.steps.SkipUpToDateStep.lambda$execute$2(SkipUpToDateStep.java:53)
	at org.gradle.internal.execution.steps.SkipUpToDateStep.execute(SkipUpToDateStep.java:53)
	at org.gradle.internal.execution.steps.SkipUpToDateStep.execute(SkipUpToDateStep.java:35)
	at org.gradle.internal.execution.steps.legacy.MarkSnapshottingInputsFinishedStep.execute(MarkSnapshottingInputsFinishedStep.java:37)
	at org.gradle.internal.execution.steps.legacy.MarkSnapshottingInputsFinishedStep.execute(MarkSnapshottingInputsFinishedStep.java:27)
	at org.gradle.internal.execution.steps.ResolveIncrementalCachingStateStep.executeDelegate(ResolveIncrementalCachingStateStep.java:49)
	at org.gradle.internal.execution.steps.ResolveIncrementalCachingStateStep.executeDelegate(ResolveIncrementalCachingStateStep.java:27)
	at org.gradle.internal.execution.steps.AbstractResolveCachingStateStep.execute(AbstractResolveCachingStateStep.java:71)
	at org.gradle.internal.execution.steps.AbstractResolveCachingStateStep.execute(AbstractResolveCachingStateStep.java:39)
	at org.gradle.internal.execution.steps.ResolveChangesStep.execute(ResolveChangesStep.java:64)
	at org.gradle.internal.execution.steps.ResolveChangesStep.execute(ResolveChangesStep.java:35)
	at org.gradle.internal.execution.steps.ValidateStep.execute(ValidateStep.java:62)
	at org.gradle.internal.execution.steps.ValidateStep.execute(ValidateStep.java:40)
	at org.gradle.internal.execution.steps.AbstractCaptureStateBeforeExecutionStep.execute(AbstractCaptureStateBeforeExecutionStep.java:76)
	at org.gradle.internal.execution.steps.AbstractCaptureStateBeforeExecutionStep.execute(AbstractCaptureStateBeforeExecutionStep.java:45)
	at org.gradle.internal.execution.steps.AbstractSkipEmptyWorkStep.executeWithNonEmptySources(AbstractSkipEmptyWorkStep.java:136)
	at org.gradle.internal.execution.steps.AbstractSkipEmptyWorkStep.execute(AbstractSkipEmptyWorkStep.java:66)
	at org.gradle.internal.execution.steps.AbstractSkipEmptyWorkStep.execute(AbstractSkipEmptyWorkStep.java:38)
	at org.gradle.internal.execution.steps.legacy.MarkSnapshottingInputsStartedStep.execute(MarkSnapshottingInputsStartedStep.java:38)
	at org.gradle.internal.execution.steps.LoadPreviousExecutionStateStep.execute(LoadPreviousExecutionStateStep.java:36)
	at org.gradle.internal.execution.steps.LoadPreviousExecutionStateStep.execute(LoadPreviousExecutionStateStep.java:23)
	at org.gradle.internal.execution.steps.HandleStaleOutputsStep.execute(HandleStaleOutputsStep.java:75)
	at org.gradle.internal.execution.steps.HandleStaleOutputsStep.execute(HandleStaleOutputsStep.java:41)
	at org.gradle.internal.execution.steps.AssignMutableWorkspaceStep.lambda$execute$0(AssignMutableWorkspaceStep.java:35)
	at org.gradle.api.internal.tasks.execution.TaskExecution$4.withWorkspace(TaskExecution.java:297)
	at org.gradle.internal.execution.steps.AssignMutableWorkspaceStep.execute(AssignMutableWorkspaceStep.java:31)
	at org.gradle.internal.execution.steps.AssignMutableWorkspaceStep.execute(AssignMutableWorkspaceStep.java:22)
	at org.gradle.internal.execution.steps.ChoosePipelineStep.execute(ChoosePipelineStep.java:40)
	at org.gradle.internal.execution.steps.ChoosePipelineStep.execute(ChoosePipelineStep.java:23)
	at org.gradle.internal.execution.steps.ExecuteWorkBuildOperationFiringStep.lambda$execute$2(ExecuteWorkBuildOperationFiringStep.java:67)
	at org.gradle.internal.execution.steps.ExecuteWorkBuildOperationFiringStep.execute(ExecuteWorkBuildOperationFiringStep.java:67)
	at org.gradle.internal.execution.steps.ExecuteWorkBuildOperationFiringStep.execute(ExecuteWorkBuildOperationFiringStep.java:39)
	at org.gradle.internal.execution.steps.IdentityCacheStep.execute(IdentityCacheStep.java:46)
	at org.gradle.internal.execution.steps.IdentityCacheStep.execute(IdentityCacheStep.java:34)
	at org.gradle.internal.execution.steps.IdentifyStep.execute(IdentifyStep.java:44)
	at org.gradle.internal.execution.steps.IdentifyStep.execute(IdentifyStep.java:31)
	at org.gradle.internal.execution.impl.DefaultExecutionEngine$1.execute(DefaultExecutionEngine.java:64)
	at org.gradle.api.internal.tasks.execution.ExecuteActionsTaskExecuter.executeIfValid(ExecuteActionsTaskExecuter.java:132)
	... 30 more
Caused by: org.jetbrains.kotlin.gradle.tasks.CompilationErrorException: Compilation error. See log for more details
	at org.jetbrains.kotlin.gradle.tasks.TasksUtilsKt.throwExceptionIfCompilationFailed(tasksUtils.kt:21)
	at org.jetbrains.kotlin.compilerRunner.GradleKotlinCompilerWork.run(GradleKotlinCompilerWork.kt:112)
	at org.jetbrains.kotlin.compilerRunner.GradleCompilerRunnerWithWorkers$GradleKotlinCompilerWorkAction.execute(GradleCompilerRunnerWithWorkers.kt:75)
	at org.gradle.workers.internal.DefaultWorkerServer.execute(DefaultWorkerServer.java:68)
	at org.gradle.workers.internal.NoIsolationWorkerFactory$1$1.create(NoIsolationWorkerFactory.java:64)
	at org.gradle.workers.internal.NoIsolationWorkerFactory$1$1.create(NoIsolationWorkerFactory.java:61)
	at org.gradle.internal.classloader.ClassLoaderUtils.executeInClassloader(ClassLoaderUtils.java:100)
	at org.gradle.workers.internal.NoIsolationWorkerFactory$1.lambda$execute$0(NoIsolationWorkerFactory.java:61)
	at org.gradle.workers.internal.AbstractWorker$1.call(AbstractWorker.java:44)
	at org.gradle.workers.internal.AbstractWorker$1.call(AbstractWorker.java:41)
	at org.gradle.internal.operations.DefaultBuildOperationRunner$CallableBuildOperationWorker.execute(DefaultBuildOperationRunner.java:209)
	at org.gradle.internal.operations.DefaultBuildOperationRunner$CallableBuildOperationWorker.execute(DefaultBuildOperationRunner.java:204)
	at org.gradle.internal.operations.DefaultBuildOperationRunner$2.execute(DefaultBuildOperationRunner.java:66)
	at org.gradle.internal.operations.DefaultBuildOperationRunner$2.execute(DefaultBuildOperationRunner.java:59)
	at org.gradle.internal.operations.DefaultBuildOperationRunner.execute(DefaultBuildOperationRunner.java:166)
	at org.gradle.internal.operations.DefaultBuildOperationRunner.execute(DefaultBuildOperationRunner.java:59)
	at org.gradle.internal.operations.DefaultBuildOperationRunner.call(DefaultBuildOperationRunner.java:53)
	at org.gradle.workers.internal.AbstractWorker.executeWrappedInBuildOperation(AbstractWorker.java:41)
	at org.gradle.workers.internal.NoIsolationWorkerFactory$1.execute(NoIsolationWorkerFactory.java:58)
	at org.gradle.workers.internal.DefaultWorkerExecutor.lambda$submitWork$0(DefaultWorkerExecutor.java:176)
	at org.gradle.internal.work.DefaultConditionalExecutionQueue$ExecutionRunner.runExecution(DefaultConditionalExecutionQueue.java:194)
	at org.gradle.internal.work.DefaultConditionalExecutionQueue$ExecutionRunner.access$700(DefaultConditionalExecutionQueue.java:127)
	at org.gradle.internal.work.DefaultConditionalExecutionQueue$ExecutionRunner$1.run(DefaultConditionalExecutionQueue.java:169)
	at org.gradle.internal.Factories$1.create(Factories.java:33)
	at org.gradle.internal.work.DefaultWorkerLeaseService.lambda$withLocksAcquired$0(DefaultWorkerLeaseService.java:269)
	at org.gradle.internal.work.ResourceLockStatistics$1.measure(ResourceLockStatistics.java:42)
	at org.gradle.internal.work.DefaultWorkerLeaseService.withLocksAcquired(DefaultWorkerLeaseService.java:267)
	at org.gradle.internal.work.DefaultWorkerLeaseService.withLocks(DefaultWorkerLeaseService.java:259)
	at org.gradle.internal.work.DefaultWorkerLeaseService.runAsWorkerThread(DefaultWorkerLeaseService.java:127)
	at org.gradle.internal.work.DefaultWorkerLeaseService.runAsWorkerThread(DefaultWorkerLeaseService.java:132)
	at org.gradle.internal.work.DefaultConditionalExecutionQueue$ExecutionRunner.runBatch(DefaultConditionalExecutionQueue.java:164)
	at org.gradle.internal.work.DefaultConditionalExecutionQueue$ExecutionRunner.run(DefaultConditionalExecutionQueue.java:133)
	... 2 more


Deprecated Gradle features were used in this build, making it incompatible with Gradle 10.

You can use '--warning-mode all' to show the individual deprecation warnings and determine if they come from your own scripts or plugins.

For more on this, please refer to https://docs.gradle.org/9.2.1/userguide/command_line_interface.html#sec:command_line_warnings in the Gradle documentation.

BUILD FAILED in 1m 17s
28 actionable tasks: 28 executed
Configuration cache entry stored.
